<?xml version="1.0" encoding="UTF-8"?>
<!-- Generated by org.testng.reporters.JUnitReportReporter -->
<testsuite hostname="Manish-Mali" failures="0" tests="2" name="com.openCart.testCases.TC_RegistrationTest_001" time="9.494" errors="0" timestamp="2024-08-28T23:39:57 IST" skipped="0">
  <testcase classname="com.openCart.testCases.TC_RegistrationTest_001" name="registrationTest" time="4.670"/>
  <testcase classname="com.openCart.testCases.TC_RegistrationTest_001" name="registrationTest" time="4.824"/>
</testsuite> <!-- com.openCart.testCases.TC_RegistrationTest_001 -->
