<?xml version="1.0" encoding="UTF-8"?>
<!-- Generated by org.testng.reporters.JUnitReportReporter -->
<testsuite hostname="Manish-Mali" failures="0" tests="1" name="com.openCart.testCases.TC_002_LoginTest" time="3.052" errors="0" timestamp="2024-09-01T08:31:00 IST" skipped="0">
  <testcase classname="com.openCart.testCases.TC_002_LoginTest" name="loginTest" time="3.052"/>
</testsuite> <!-- com.openCart.testCases.TC_002_LoginTest -->
