<?xml version="1.0" encoding="UTF-8"?>
<!-- Generated by org.testng.reporters.JUnitReportReporter -->
<testsuite hostname="Manish-Mali" failures="0" tests="1" name="com.openCart.testCases.TC_RegistrationTest_001" time="4.593" errors="0" timestamp="2024-09-01T08:30:59 IST" skipped="0">
  <testcase classname="com.openCart.testCases.TC_RegistrationTest_001" name="registrationTest" time="4.593"/>
</testsuite> <!-- com.openCart.testCases.TC_RegistrationTest_001 -->
